Traceback (most recent call last):
  File "/home/runner/micromamba/envs/coastal/lib/python3.11/site-packages/jupyter_cache/executors/utils.py", line 58, in single_nb_execution
    executenb(
  File "/home/runner/micromamba/envs/coastal/lib/python3.11/site-packages/nbclient/client.py", line 1314, in execute
    return NotebookClient(nb=nb, resources=resources, km=km, **kwargs).execute()
           ^^^^^^^^^^^^^^^^^^^^^^^^^^^^^^^^^^^^^^^^^^^^^^^^^^^^^^^^^^^^^^^^^^^^^
  File "/home/runner/micromamba/envs/coastal/lib/python3.11/site-packages/jupyter_core/utils/__init__.py", line 165, in wrapped
    return loop.run_until_complete(inner)
           ^^^^^^^^^^^^^^^^^^^^^^^^^^^^^^
  File "/home/runner/micromamba/envs/coastal/lib/python3.11/asyncio/base_events.py", line 654, in run_until_complete
    return future.result()
           ^^^^^^^^^^^^^^^
  File "/home/runner/micromamba/envs/coastal/lib/python3.11/site-packages/nbclient/client.py", line 709, in async_execute
    await self.async_execute_cell(
  File "/home/runner/micromamba/envs/coastal/lib/python3.11/site-packages/nbclient/client.py", line 1062, in async_execute_cell
    await self._check_raise_for_error(cell, cell_index, exec_reply)
  File "/home/runner/micromamba/envs/coastal/lib/python3.11/site-packages/nbclient/client.py", line 918, in _check_raise_for_error
    raise CellExecutionError.from_cell_and_msg(cell, exec_reply_content)
nbclient.exceptions.CellExecutionError: An error occurred while executing the following cell:
------------------
import pathlib
import sys

from PIL import Image
from coastal_dynamics.hidden import *

# make functions for src folder importable
cwd = pathlib.Path().resolve()
proj_dir = cwd.parent  # this is the notebooks folder
sys.path.append(str(proj_dir / "src"))
------------------


[0;31m---------------------------------------------------------------------------[0m
[0;31mModuleNotFoundError[0m                       Traceback (most recent call last)
Cell [0;32mIn[2], line 5[0m
[1;32m      2[0m [38;5;28;01mimport[39;00m [38;5;21;01msys[39;00m
[1;32m      4[0m [38;5;28;01mfrom[39;00m [38;5;21;01mPIL[39;00m [38;5;28;01mimport[39;00m Image
[0;32m----> 5[0m [38;5;28;01mfrom[39;00m [38;5;21;01mcoastal_dynamics[39;00m[38;5;21;01m.[39;00m[38;5;21;01mhidden[39;00m [38;5;28;01mimport[39;00m [38;5;241m*[39m
[1;32m      7[0m [38;5;66;03m# make functions for src folder importable[39;00m
[1;32m      8[0m cwd [38;5;241m=[39m pathlib[38;5;241m.[39mPath()[38;5;241m.[39mresolve()

[0;31mModuleNotFoundError[0m: No module named 'coastal_dynamics.hidden'

