Traceback (most recent call last):
  File "/home/runner/micromamba/envs/coastal/lib/python3.11/site-packages/jupyter_cache/executors/utils.py", line 58, in single_nb_execution
    executenb(
  File "/home/runner/micromamba/envs/coastal/lib/python3.11/site-packages/nbclient/client.py", line 1314, in execute
    return NotebookClient(nb=nb, resources=resources, km=km, **kwargs).execute()
           ^^^^^^^^^^^^^^^^^^^^^^^^^^^^^^^^^^^^^^^^^^^^^^^^^^^^^^^^^^^^^^^^^^^^^
  File "/home/runner/micromamba/envs/coastal/lib/python3.11/site-packages/jupyter_core/utils/__init__.py", line 165, in wrapped
    return loop.run_until_complete(inner)
           ^^^^^^^^^^^^^^^^^^^^^^^^^^^^^^
  File "/home/runner/micromamba/envs/coastal/lib/python3.11/asyncio/base_events.py", line 654, in run_until_complete
    return future.result()
           ^^^^^^^^^^^^^^^
  File "/home/runner/micromamba/envs/coastal/lib/python3.11/site-packages/nbclient/client.py", line 709, in async_execute
    await self.async_execute_cell(
  File "/home/runner/micromamba/envs/coastal/lib/python3.11/site-packages/nbclient/client.py", line 1062, in async_execute_cell
    await self._check_raise_for_error(cell, cell_index, exec_reply)
  File "/home/runner/micromamba/envs/coastal/lib/python3.11/site-packages/nbclient/client.py", line 918, in _check_raise_for_error
    raise CellExecutionError.from_cell_and_msg(cell, exec_reply_content)
nbclient.exceptions.CellExecutionError: An error occurred while executing the following cell:
------------------
def envelope_Sxx_t(a1, a2, T1, T2, t, xp, rho):
    E = envelope_E_t(a1, a2, T1, T2, t, xp, rho)

    ...

    Sxx = ...

    return Sxx


envelope_Sxx_t(a1, a2, T1, T2, t, xp, rho)


def envelope_Sxx_x(a1, a2, T1, T2, tp, x, rho):
    E = envelope_E_x(a1, a2, T1, T2, tp, x, rho)

    ...

    Sxx = ...

    return Sxx


Show_W4_Q3()
------------------


[0;31m---------------------------------------------------------------------------[0m
[0;31mNameError[0m                                 Traceback (most recent call last)
Cell [0;32mIn[4], line 11[0m
[1;32m      6[0m     Sxx [38;5;241m=[39m [38;5;241m.[39m[38;5;241m.[39m[38;5;241m.[39m
[1;32m      8[0m     [38;5;28;01mreturn[39;00m Sxx
[0;32m---> 11[0m [43menvelope_Sxx_t[49m[43m([49m[43ma1[49m[43m,[49m[43m [49m[43ma2[49m[43m,[49m[43m [49m[43mT1[49m[43m,[49m[43m [49m[43mT2[49m[43m,[49m[43m [49m[43mt[49m[43m,[49m[43m [49m[43mxp[49m[43m,[49m[43m [49m[43mrho[49m[43m)[49m
[1;32m     14[0m [38;5;28;01mdef[39;00m [38;5;21menvelope_Sxx_x[39m(a1, a2, T1, T2, tp, x, rho):
[1;32m     15[0m     E [38;5;241m=[39m envelope_E_x(a1, a2, T1, T2, tp, x, rho)

Cell [0;32mIn[4], line 2[0m, in [0;36menvelope_Sxx_t[0;34m(a1, a2, T1, T2, t, xp, rho)[0m
[1;32m      1[0m [38;5;28;01mdef[39;00m [38;5;21menvelope_Sxx_t[39m(a1, a2, T1, T2, t, xp, rho):
[0;32m----> 2[0m     E [38;5;241m=[39m [43menvelope_E_t[49m[43m([49m[43ma1[49m[43m,[49m[43m [49m[43ma2[49m[43m,[49m[43m [49m[43mT1[49m[43m,[49m[43m [49m[43mT2[49m[43m,[49m[43m [49m[43mt[49m[43m,[49m[43m [49m[43mxp[49m[43m,[49m[43m [49m[43mrho[49m[43m)[49m
[1;32m      4[0m     [38;5;241m.[39m[38;5;241m.[39m[38;5;241m.[39m
[1;32m      6[0m     Sxx [38;5;241m=[39m [38;5;241m.[39m[38;5;241m.[39m[38;5;241m.[39m

Cell [0;32mIn[3], line 5[0m, in [0;36menvelope_E_t[0;34m(a1, a2, T1, T2, t, xp, rho)[0m
[1;32m      4[0m [38;5;28;01mdef[39;00m [38;5;21menvelope_E_t[39m(a1, a2, T1, T2, t, xp, rho):
[0;32m----> 5[0m     eta [38;5;241m=[39m [43menvelope_eta_t[49m[43m([49m[43ma1[49m[43m,[49m[43m [49m[43ma2[49m[43m,[49m[43m [49m[43mT1[49m[43m,[49m[43m [49m[43mT2[49m[43m,[49m[43m [49m[43mt[49m[43m,[49m[43m [49m[43mxp[49m[43m)[49m
[1;32m      6[0m     [38;5;241m.[39m[38;5;241m.[39m[38;5;241m.[39m
[1;32m      7[0m     [38;5;28;01mreturn[39;00m E

Cell [0;32mIn[2], line 14[0m, in [0;36menvelope_eta_t[0;34m(a1, a2, T1, T2, t, xp)[0m
[1;32m     12[0m [38;5;28;01mdef[39;00m [38;5;21menvelope_eta_t[39m(a1, a2, T1, T2, t, xp):
[1;32m     13[0m     [38;5;241m.[39m[38;5;241m.[39m[38;5;241m.[39m
[0;32m---> 14[0m     [38;5;28;01mreturn[39;00m [43meta[49m

[0;31mNameError[0m: name 'eta' is not defined

