Traceback (most recent call last):
  File "/Users/calkoen/mambaforge/envs/codebook/lib/python3.10/site-packages/jupyter_cache/executors/utils.py", line 51, in single_nb_execution
    executenb(
  File "/Users/calkoen/mambaforge/envs/codebook/lib/python3.10/site-packages/nbclient/client.py", line 1204, in execute
    return NotebookClient(nb=nb, resources=resources, km=km, **kwargs).execute()
  File "/Users/calkoen/mambaforge/envs/codebook/lib/python3.10/site-packages/nbclient/util.py", line 84, in wrapped
    return just_run(coro(*args, **kwargs))
  File "/Users/calkoen/mambaforge/envs/codebook/lib/python3.10/site-packages/nbclient/util.py", line 62, in just_run
    return loop.run_until_complete(coro)
  File "/Users/calkoen/mambaforge/envs/codebook/lib/python3.10/asyncio/base_events.py", line 649, in run_until_complete
    return future.result()
  File "/Users/calkoen/mambaforge/envs/codebook/lib/python3.10/site-packages/nbclient/client.py", line 663, in async_execute
    await self.async_execute_cell(
  File "/Users/calkoen/mambaforge/envs/codebook/lib/python3.10/site-packages/nbclient/client.py", line 965, in async_execute_cell
    await self._check_raise_for_error(cell, cell_index, exec_reply)
  File "/Users/calkoen/mambaforge/envs/codebook/lib/python3.10/site-packages/nbclient/client.py", line 862, in _check_raise_for_error
    raise CellExecutionError.from_cell_and_msg(cell, exec_reply_content)
nbclient.exceptions.CellExecutionError: An error occurred while executing the following cell:
------------------
transects_roi.explore()
------------------

[0;31m---------------------------------------------------------------------------[0m
[0;31mValueError[0m                                Traceback (most recent call last)
Cell [0;32mIn[10], line 1[0m
[0;32m----> 1[0m [43mtransects_roi[49m[38;5;241;43m.[39;49m[43mexplore[49m[43m([49m[43m)[49m

File [0;32m~/mambaforge/envs/codebook/lib/python3.10/site-packages/geopandas/geodataframe.py:1981[0m, in [0;36mGeoDataFrame.explore[0;34m(self, *args, **kwargs)[0m
[1;32m   1978[0m [38;5;129m@doc[39m(_explore)
[1;32m   1979[0m [38;5;28;01mdef[39;00m [38;5;21mexplore[39m([38;5;28mself[39m, [38;5;241m*[39margs, [38;5;241m*[39m[38;5;241m*[39mkwargs):
[1;32m   1980[0m [38;5;250m    [39m[38;5;124;03m"""Interactive map based on folium/leaflet.js"""[39;00m
[0;32m-> 1981[0m     [38;5;28;01mreturn[39;00m [43m_explore[49m[43m([49m[38;5;28;43mself[39;49m[43m,[49m[43m [49m[38;5;241;43m*[39;49m[43margs[49m[43m,[49m[43m [49m[38;5;241;43m*[39;49m[38;5;241;43m*[39;49m[43mkwargs[49m[43m)[49m

File [0;32m~/mambaforge/envs/codebook/lib/python3.10/site-packages/geopandas/explore.py:366[0m, in [0;36m_explore[0;34m(df, column, cmap, color, m, tiles, attr, tooltip, popup, highlight, categorical, legend, scheme, k, vmin, vmax, width, height, categories, classification_kwds, control_scale, marker_type, marker_kwds, style_kwds, highlight_kwds, missing_kwds, tooltip_kwds, popup_kwds, legend_kwds, map_kwds, **kwargs)[0m
[1;32m    363[0m         map_kwds[[38;5;124m"[39m[38;5;124mmax_zoom[39m[38;5;124m"[39m] [38;5;241m=[39m tiles[38;5;241m.[39mget([38;5;124m"[39m[38;5;124mmax_zoom[39m[38;5;124m"[39m, [38;5;241m18[39m)
[1;32m    364[0m         tiles [38;5;241m=[39m tiles[38;5;241m.[39mbuild_url(scale_factor[38;5;241m=[39m[38;5;124m"[39m[38;5;132;01m{r}[39;00m[38;5;124m"[39m)
[0;32m--> 366[0m m [38;5;241m=[39m [43mfolium[49m[38;5;241;43m.[39;49m[43mMap[49m[43m([49m
[1;32m    367[0m [43m    [49m[43mlocation[49m[38;5;241;43m=[39;49m[43mlocation[49m[43m,[49m
[1;32m    368[0m [43m    [49m[43mcontrol_scale[49m[38;5;241;43m=[39;49m[43mcontrol_scale[49m[43m,[49m
[1;32m    369[0m [43m    [49m[43mtiles[49m[38;5;241;43m=[39;49m[43mtiles[49m[43m,[49m
[1;32m    370[0m [43m    [49m[43mattr[49m[38;5;241;43m=[39;49m[43mattr[49m[43m,[49m
[1;32m    371[0m [43m    [49m[43mwidth[49m[38;5;241;43m=[39;49m[43mwidth[49m[43m,[49m
[1;32m    372[0m [43m    [49m[43mheight[49m[38;5;241;43m=[39;49m[43mheight[49m[43m,[49m
[1;32m    373[0m [43m    [49m[38;5;241;43m*[39;49m[38;5;241;43m*[39;49m[43mmap_kwds[49m[43m,[49m
[1;32m    374[0m [43m[49m[43m)[49m
[1;32m    376[0m [38;5;66;03m# fit bounds to get a proper zoom level[39;00m
[1;32m    377[0m [38;5;28;01mif[39;00m fit:

File [0;32m~/mambaforge/envs/codebook/lib/python3.10/site-packages/folium/folium.py:274[0m, in [0;36mMap.__init__[0;34m(self, location, width, height, left, top, position, tiles, attr, min_zoom, max_zoom, zoom_start, min_lat, max_lat, min_lon, max_lon, max_bounds, crs, control_scale, prefer_canvas, no_touch, disable_3d, png_enabled, zoom_control, **kwargs)[0m
[1;32m    272[0m     zoom_start [38;5;241m=[39m [38;5;241m1[39m
[1;32m    273[0m [38;5;28;01melse[39;00m:
[0;32m--> 274[0m     [38;5;28mself[39m[38;5;241m.[39mlocation [38;5;241m=[39m [43mvalidate_location[49m[43m([49m[43mlocation[49m[43m)[49m
[1;32m    276[0m Figure()[38;5;241m.[39madd_child([38;5;28mself[39m)
[1;32m    278[0m [38;5;66;03m# Map Size Parameters.[39;00m

File [0;32m~/mambaforge/envs/codebook/lib/python3.10/site-packages/folium/utilities.py:78[0m, in [0;36mvalidate_location[0;34m(location)[0m
[1;32m     71[0m         [38;5;28;01mraise[39;00m [38;5;167;01mValueError[39;00m(
[1;32m     72[0m             [38;5;124m"[39m[38;5;124mLocation should consist of two numerical values, [39m[38;5;124m"[39m
[1;32m     73[0m             [38;5;124m"[39m[38;5;124mbut [39m[38;5;132;01m{!r}[39;00m[38;5;124m of type [39m[38;5;132;01m{}[39;00m[38;5;124m is not convertible to float.[39m[38;5;124m"[39m[38;5;241m.[39mformat(
[1;32m     74[0m                 coord, [38;5;28mtype[39m(coord)
[1;32m     75[0m             )
[1;32m     76[0m         )
[1;32m     77[0m     [38;5;28;01mif[39;00m math[38;5;241m.[39misnan([38;5;28mfloat[39m(coord)):
[0;32m---> 78[0m         [38;5;28;01mraise[39;00m [38;5;167;01mValueError[39;00m([38;5;124m"[39m[38;5;124mLocation values cannot contain NaNs.[39m[38;5;124m"[39m)
[1;32m     79[0m [38;5;28;01mreturn[39;00m [[38;5;28mfloat[39m(x) [38;5;28;01mfor[39;00m x [38;5;129;01min[39;00m coords]

[0;31mValueError[0m: Location values cannot contain NaNs.
ValueError: Location values cannot contain NaNs.

