Traceback (most recent call last):
  File "/Users/calkoen/mambaforge/envs/codebook/lib/python3.10/site-packages/jupyter_cache/executors/utils.py", line 51, in single_nb_execution
    executenb(
  File "/Users/calkoen/mambaforge/envs/codebook/lib/python3.10/site-packages/nbclient/client.py", line 1204, in execute
    return NotebookClient(nb=nb, resources=resources, km=km, **kwargs).execute()
  File "/Users/calkoen/mambaforge/envs/codebook/lib/python3.10/site-packages/nbclient/util.py", line 84, in wrapped
    return just_run(coro(*args, **kwargs))
  File "/Users/calkoen/mambaforge/envs/codebook/lib/python3.10/site-packages/nbclient/util.py", line 62, in just_run
    return loop.run_until_complete(coro)
  File "/Users/calkoen/mambaforge/envs/codebook/lib/python3.10/asyncio/base_events.py", line 649, in run_until_complete
    return future.result()
  File "/Users/calkoen/mambaforge/envs/codebook/lib/python3.10/site-packages/nbclient/client.py", line 663, in async_execute
    await self.async_execute_cell(
  File "/Users/calkoen/mambaforge/envs/codebook/lib/python3.10/site-packages/nbclient/client.py", line 965, in async_execute_cell
    await self._check_raise_for_error(cell, cell_index, exec_reply)
  File "/Users/calkoen/mambaforge/envs/codebook/lib/python3.10/site-packages/nbclient/client.py", line 862, in _check_raise_for_error
    raise CellExecutionError.from_cell_and_msg(cell, exec_reply_content)
nbclient.exceptions.CellExecutionError: An error occurred while executing the following cell:
------------------
import random  # we'll learn about imports in a later chapter
import time
import memory_profiler
city = ['Vancouver', 'Toronto', 'Ottawa', 'Montreal']
------------------

[0;31m---------------------------------------------------------------------------[0m
[0;31mModuleNotFoundError[0m                       Traceback (most recent call last)
Cell [0;32mIn[113], line 3[0m
[1;32m      1[0m [38;5;28;01mimport[39;00m [38;5;21;01mrandom[39;00m  [38;5;66;03m# we'll learn about imports in a later chapter[39;00m
[1;32m      2[0m [38;5;28;01mimport[39;00m [38;5;21;01mtime[39;00m
[0;32m----> 3[0m [38;5;28;01mimport[39;00m [38;5;21;01mmemory_profiler[39;00m
[1;32m      4[0m city [38;5;241m=[39m [[38;5;124m'[39m[38;5;124mVancouver[39m[38;5;124m'[39m, [38;5;124m'[39m[38;5;124mToronto[39m[38;5;124m'[39m, [38;5;124m'[39m[38;5;124mOttawa[39m[38;5;124m'[39m, [38;5;124m'[39m[38;5;124mMontreal[39m[38;5;124m'[39m]

[0;31mModuleNotFoundError[0m: No module named 'memory_profiler'
ModuleNotFoundError: No module named 'memory_profiler'

